TN:
SF:index.js
FN:14,resetStore
FN:23,(anonymous_1)
FNF:2
FNH:1
FNDA:171,resetStore
FNDA:0,(anonymous_1)
DA:3,1
DA:4,1
DA:5,1
DA:7,1
DA:8,1
DA:9,1
DA:12,1
DA:13,1
DA:15,171
DA:16,171
DA:19,1
DA:21,1
DA:22,0
DA:23,0
LF:14
LH:12
BRDA:21,0,0,0
BRDA:21,0,1,1
BRDA:22,1,0,0
BRDA:22,1,1,0
BRF:4
BRH:1
end_of_record
TN:
SF:src\SimulationQueue.js
FN:4,(anonymous_0)
FN:6,(anonymous_1)
FN:9,(anonymous_2)
FN:11,(anonymous_3)
FN:15,(anonymous_4)
FN:16,(anonymous_5)
FN:17,(anonymous_6)
FNF:7
FNH:7
FNDA:13,(anonymous_0)
FNDA:91,(anonymous_1)
FNDA:172,(anonymous_2)
FNDA:87,(anonymous_3)
FNDA:87,(anonymous_4)
FNDA:177,(anonymous_5)
FNDA:91,(anonymous_6)
DA:4,13
DA:6,91
DA:10,172
DA:11,87
DA:15,87
DA:16,177
DA:17,91
DA:20,2
LF:8
LH:8
BRDA:11,0,0,87
BRDA:11,0,1,87
BRF:2
BRH:2
end_of_record
TN:
SF:src\app.js
FN:12,createApp
FN:16,(anonymous_1)
FN:30,(anonymous_2)
FNF:3
FNH:3
FNDA:13,createApp
FNDA:225,(anonymous_1)
FNDA:3,(anonymous_2)
DA:3,2
DA:4,2
DA:5,2
DA:6,2
DA:7,2
DA:8,2
DA:10,2
DA:13,13
DA:16,13
DA:17,225
DA:18,4
DA:19,221
DA:22,13
DA:23,13
DA:24,13
DA:25,13
DA:27,13
DA:30,13
DA:31,3
DA:32,3
DA:35,13
DA:38,2
LF:22
LH:22
BRDA:12,0,0,11
BRDA:17,1,0,4
BRDA:17,1,1,221
BRDA:27,2,0,2
BRDA:27,2,1,11
BRF:5
BRH:5
end_of_record
TN:
SF:src\errors.js
FN:4,(anonymous_0)
FN:17,(anonymous_1)
FNF:2
FNH:2
FNDA:60,(anonymous_0)
FNDA:8,(anonymous_1)
DA:5,60
DA:6,60
DA:7,60
DA:8,60
DA:18,8
DA:19,8
DA:23,3
LF:7
LH:7
BRF:0
BRH:0
end_of_record
TN:
SF:src\helpers.js
FN:5,ok
FN:6,dup
FN:7,err
FN:9,balanceFields
FN:22,txnId
FNF:5
FNH:5
FNDA:269,ok
FNDA:6,dup
FNDA:119,err
FNDA:61,balanceFields
FNDA:45,txnId
DA:3,3
DA:5,269
DA:6,6
DA:7,119
DA:10,61
DA:11,61
DA:12,61
DA:21,3
DA:23,45
DA:26,3
LF:10
LH:10
BRDA:10,0,0,61
BRDA:10,0,1,7
BRDA:11,1,0,61
BRDA:11,1,1,20
BRF:4
BRH:4
end_of_record
TN:
SF:src\logger.js
FN:3,logCloudagg
FNF:1
FNH:1
FNDA:172,logCloudagg
DA:4,172
DA:5,172
DA:6,172
DA:7,172
DA:11,172
DA:31,2
LF:6
LH:6
BRDA:7,0,0,104
BRDA:7,0,1,68
BRDA:9,1,0,6
BRDA:9,1,1,62
BRDA:12,2,0,172
BRDA:12,2,1,1
BRDA:12,3,0,172
BRDA:12,3,1,4
BRDA:12,4,0,172
BRDA:12,4,1,76
BRDA:12,5,0,172
BRDA:12,5,1,40
BRDA:12,6,0,172
BRDA:12,6,1,97
BRDA:13,7,0,57
BRDA:13,7,1,115
BRDA:14,8,0,41
BRDA:14,8,1,131
BRDA:15,9,0,16
BRDA:15,9,1,156
BRDA:16,10,0,1
BRDA:16,10,1,171
BRDA:17,11,0,18
BRDA:17,11,1,154
BRDA:19,12,0,104
BRDA:19,12,1,68
BRDA:20,13,0,60
BRDA:20,13,1,112
BRDA:21,14,0,68
BRDA:21,14,1,104
BRDA:22,15,0,68
BRDA:22,15,1,104
BRDA:23,16,0,24
BRDA:23,16,1,148
BRDA:24,17,0,15
BRDA:24,17,1,157
BRDA:25,18,0,7
BRDA:25,18,1,165
BRDA:26,19,0,4
BRDA:26,19,1,168
BRDA:27,20,0,4
BRDA:27,20,1,168
BRF:42
BRH:42
end_of_record
TN:
SF:src\repository\InMemoryWalletRepository.js
FN:6,(anonymous_0)
FN:11,(anonymous_1)
FN:12,(anonymous_2)
FN:14,(anonymous_3)
FN:19,(anonymous_4)
FN:24,(anonymous_5)
FN:25,(anonymous_6)
FN:27,(anonymous_7)
FN:28,(anonymous_8)
FN:31,(anonymous_9)
FN:33,(anonymous_10)
FN:37,(anonymous_11)
FN:39,(anonymous_12)
FN:43,(anonymous_13)
FN:45,(anonymous_14)
FN:47,(anonymous_15)
FNF:16
FNH:16
FNDA:30,(anonymous_0)
FNDA:72,(anonymous_1)
FNDA:118,(anonymous_2)
FNDA:76,(anonymous_3)
FNDA:42,(anonymous_4)
FNDA:47,(anonymous_5)
FNDA:44,(anonymous_6)
FNDA:43,(anonymous_7)
FNDA:16,(anonymous_8)
FNDA:9,(anonymous_9)
FNDA:8,(anonymous_10)
FNDA:8,(anonymous_11)
FNDA:8,(anonymous_12)
FNDA:39,(anonymous_13)
FNDA:8,(anonymous_14)
FNDA:178,(anonymous_15)
DA:3,3
DA:7,30
DA:8,30
DA:11,72
DA:12,118
DA:15,76
DA:16,76
DA:20,42
DA:21,42
DA:24,47
DA:25,44
DA:28,43
DA:32,9
DA:33,8
DA:38,8
DA:39,8
DA:43,39
DA:45,8
DA:48,178
DA:49,178
DA:50,178
DA:51,178
DA:55,3
LF:23
LH:23
BRDA:11,0,0,72
BRDA:11,0,1,10
BRDA:28,1,0,43
BRDA:28,1,1,34
BRDA:32,2,0,9
BRDA:32,2,1,2
BRDA:33,3,0,8
BRDA:33,3,1,8
BRDA:38,4,0,8
BRDA:38,4,1,6
BRDA:39,5,0,8
BRDA:39,5,1,2
BRF:12
BRH:12
end_of_record
TN:
SF:src\routes\cloudagg.js
FN:8,(anonymous_0)
FN:10,registerCloudaggRoutes
FN:13,simErr
FN:18,handleOp
FN:28,(anonymous_4)
FN:30,(anonymous_5)
FN:111,(anonymous_6)
FN:112,(anonymous_7)
FN:113,(anonymous_8)
FN:114,(anonymous_9)
FN:115,(anonymous_10)
FN:116,(anonymous_11)
FN:117,(anonymous_12)
FN:118,(anonymous_13)
FNF:14
FNH:14
FNDA:172,(anonymous_0)
FNDA:13,registerCloudaggRoutes
FNDA:69,simErr
FNDA:83,handleOp
FNDA:172,(anonymous_4)
FNDA:172,(anonymous_5)
FNDA:8,(anonymous_6)
FNDA:11,(anonymous_7)
FNDA:21,(anonymous_8)
FNDA:10,(anonymous_9)
FNDA:10,(anonymous_10)
FNDA:9,(anonymous_11)
FNDA:7,(anonymous_12)
FNDA:7,(anonymous_13)
DA:3,2
DA:4,2
DA:5,2
DA:6,2
DA:8,172
DA:11,13
DA:14,69
DA:19,83
DA:20,83
DA:22,39
DA:23,33
DA:24,1
DA:28,13
DA:29,172
DA:30,172
DA:32,172
DA:33,172
DA:36,172
DA:37,172
DA:38,172
DA:39,87
DA:40,87
DA:42,18
DA:43,3
DA:53,15
DA:54,2
DA:56,13
DA:57,3
DA:64,10
DA:65,2
DA:72,8
DA:73,2
DA:83,6
DA:84,2
DA:91,4
DA:92,2
DA:99,2
DA:100,2
DA:111,85
DA:112,77
DA:113,66
DA:114,45
DA:115,35
DA:116,25
DA:117,16
DA:118,9
DA:120,2
DA:124,2
LF:48
LH:48
BRDA:14,0,0,69
BRDA:14,0,1,8
BRDA:22,1,0,6
BRDA:22,1,1,33
BRDA:23,2,0,32
BRDA:23,2,1,1
BRDA:33,3,0,172
BRDA:33,3,1,1
BRDA:36,4,0,172
BRDA:36,4,1,0
BRDA:38,5,0,87
BRDA:38,5,1,85
BRDA:40,6,0,69
BRDA:40,6,1,18
BRDA:42,7,0,3
BRDA:42,7,1,15
BRDA:45,8,0,3
BRDA:45,8,1,2
BRDA:46,9,0,3
BRDA:46,9,1,3
BRDA:47,10,0,3
BRDA:47,10,1,1
BRDA:48,11,0,3
BRDA:48,11,1,1
BRDA:53,12,0,2
BRDA:53,12,1,13
BRDA:56,13,0,3
BRDA:56,13,1,10
BRDA:59,14,0,3
BRDA:59,14,1,0
BRDA:60,15,0,3
BRDA:60,15,1,0
BRDA:64,16,0,2
BRDA:64,16,1,8
BRDA:67,17,0,2
BRDA:67,17,1,0
BRDA:68,18,0,2
BRDA:68,18,1,0
BRDA:72,19,0,2
BRDA:72,19,1,6
BRDA:76,20,0,2
BRDA:76,20,1,0
BRDA:77,21,0,2
BRDA:77,21,1,0
BRDA:78,22,0,2
BRDA:78,22,1,0
BRDA:79,23,0,2
BRDA:79,23,1,0
BRDA:83,24,0,2
BRDA:83,24,1,4
BRDA:86,25,0,2
BRDA:86,25,1,0
BRDA:87,26,0,2
BRDA:87,26,1,0
BRDA:91,27,0,2
BRDA:91,27,1,2
BRDA:94,28,0,2
BRDA:94,28,1,0
BRDA:95,29,0,2
BRDA:95,29,1,0
BRDA:99,30,0,2
BRDA:99,30,1,0
BRDA:102,31,0,2
BRDA:102,31,1,0
BRDA:103,32,0,2
BRDA:103,32,1,0
BRDA:111,33,0,8
BRDA:111,33,1,77
BRDA:112,34,0,11
BRDA:112,34,1,66
BRDA:113,35,0,21
BRDA:113,35,1,45
BRDA:114,36,0,10
BRDA:114,36,1,35
BRDA:115,37,0,10
BRDA:115,37,1,25
BRDA:116,38,0,9
BRDA:116,38,1,16
BRDA:117,39,0,7
BRDA:117,39,1,9
BRDA:118,40,0,7
BRDA:118,40,1,2
BRF:82
BRH:66
end_of_record
TN:
SF:src\routes\createData.js
FN:5,registerCreateDataRoutes
FN:6,(anonymous_1)
FNF:2
FNH:2
FNDA:13,registerCreateDataRoutes
FNDA:124,(anonymous_1)
DA:3,2
DA:6,13
DA:10,124
DA:12,124
DA:13,70
DA:14,1
DA:15,69
DA:16,1
DA:17,68
DA:28,68
DA:31,54
DA:32,39
DA:33,2
DA:34,37
DA:35,1
DA:36,36
DA:37,36
DA:40,15
DA:41,3
DA:42,1
DA:43,2
DA:44,1
DA:45,1
DA:46,1
DA:49,12
DA:50,4
DA:51,1
DA:52,3
DA:53,1
DA:54,2
DA:55,2
DA:58,8
DA:59,4
DA:60,1
DA:61,3
DA:62,1
DA:63,2
DA:64,2
DA:67,4
DA:68,3
DA:69,1
DA:70,2
DA:71,1
DA:72,1
DA:73,1
DA:76,1
DA:80,2
LF:47
LH:47
BRDA:12,0,0,70
BRDA:12,0,1,54
BRDA:13,1,0,1
BRDA:13,1,1,69
BRDA:15,2,0,1
BRDA:15,2,1,68
BRDA:18,3,0,68
BRDA:18,3,1,2
BRDA:19,4,0,68
BRDA:19,4,1,7
BRDA:20,5,0,68
BRDA:20,5,1,1
BRDA:21,6,0,68
BRDA:21,6,1,1
BRDA:22,7,0,68
BRDA:22,7,1,68
BRDA:23,8,0,68
BRDA:23,8,1,68
BRDA:24,9,0,68
BRDA:24,9,1,1
BRDA:25,10,0,68
BRDA:25,10,1,1
BRDA:31,11,0,39
BRDA:31,11,1,15
BRDA:32,12,0,2
BRDA:32,12,1,37
BRDA:32,13,0,39
BRDA:32,13,1,38
BRDA:34,14,0,1
BRDA:34,14,1,36
BRDA:40,15,0,3
BRDA:40,15,1,12
BRDA:41,16,0,1
BRDA:41,16,1,2
BRDA:41,17,0,3
BRDA:41,17,1,3
BRDA:43,18,0,1
BRDA:43,18,1,1
BRDA:49,19,0,4
BRDA:49,19,1,8
BRDA:50,20,0,1
BRDA:50,20,1,3
BRDA:50,21,0,4
BRDA:50,21,1,3
BRDA:52,22,0,1
BRDA:52,22,1,2
BRDA:58,23,0,4
BRDA:58,23,1,4
BRDA:59,24,0,1
BRDA:59,24,1,3
BRDA:61,25,0,1
BRDA:61,25,1,2
BRDA:67,26,0,3
BRDA:67,26,1,1
BRDA:68,27,0,1
BRDA:68,27,1,2
BRDA:68,28,0,3
BRDA:68,28,1,3
BRDA:70,29,0,1
BRDA:70,29,1,1
BRDA:76,30,0,1
BRDA:76,30,1,0
BRF:62
BRH:61
end_of_record
TN:
SF:src\routes\simulation.js
FN:5,registerSimulationRoutes
FN:6,(anonymous_1)
FN:11,(anonymous_2)
FN:19,(anonymous_3)
FNF:4
FNH:4
FNDA:13,registerSimulationRoutes
FNDA:1,(anonymous_1)
FNDA:91,(anonymous_2)
FNDA:5,(anonymous_3)
DA:3,2
DA:6,13
DA:7,1
DA:8,1
DA:11,13
DA:12,91
DA:13,91
DA:14,2
DA:15,89
DA:16,89
DA:19,13
DA:20,5
DA:21,5
DA:22,5
DA:26,2
LF:15
LH:15
BRDA:13,0,0,2
BRDA:13,0,1,89
BRDA:13,1,0,91
BRDA:13,1,1,90
BRF:4
BRH:4
end_of_record
TN:
SF:src\routes\swagger.js
FN:8,registerSwaggerRoutes
FN:12,(anonymous_1)
FNF:2
FNH:2
FNDA:13,registerSwaggerRoutes
FNDA:2,(anonymous_1)
DA:3,2
DA:4,2
DA:5,2
DA:6,2
DA:9,13
DA:10,13
DA:12,13
DA:13,2
DA:17,2
LF:9
LH:9
BRF:0
BRH:0
end_of_record
TN:
SF:src\services\WalletService.js
FN:7,(anonymous_0)
FN:11,(anonymous_1)
FN:36,(anonymous_2)
FN:49,(anonymous_3)
FN:80,(anonymous_4)
FN:104,(anonymous_5)
FN:137,(anonymous_6)
FN:164,(anonymous_7)
FN:188,(anonymous_8)
FNF:9
FNH:9
FNDA:44,(anonymous_0)
FNDA:14,(anonymous_1)
FNDA:14,(anonymous_2)
FNDA:28,(anonymous_3)
FNDA:13,(anonymous_4)
FNDA:12,(anonymous_5)
FNDA:13,(anonymous_6)
FNDA:9,(anonymous_7)
FNDA:11,(anonymous_8)
DA:3,3
DA:4,3
DA:8,44
DA:12,14
DA:13,3
DA:15,11
DA:16,11
DA:17,7
DA:18,4
DA:19,2
DA:21,9
DA:22,9
DA:24,7
DA:37,14
DA:38,3
DA:40,11
DA:41,3
DA:43,7
DA:44,7
DA:46,6
DA:50,28
DA:51,2
DA:53,26
DA:54,2
DA:56,24
DA:57,24
DA:58,23
DA:60,21
DA:61,21
DA:62,4
DA:63,2
DA:64,2
DA:67,17
DA:68,17
DA:69,2
DA:71,15
DA:74,15
DA:75,15
DA:76,15
DA:77,15
DA:81,13
DA:82,2
DA:84,11
DA:85,11
DA:87,9
DA:88,9
DA:89,2
DA:90,1
DA:91,1
DA:94,7
DA:95,7
DA:98,7
DA:99,7
DA:100,7
DA:101,7
DA:105,12
DA:106,2
DA:108,10
DA:109,1
DA:111,9
DA:112,9
DA:113,8
DA:115,7
DA:116,7
DA:118,6
DA:119,6
DA:120,6
DA:121,1
DA:123,5
DA:126,5
DA:127,5
DA:133,5
DA:134,5
DA:138,13
DA:139,2
DA:141,11
DA:142,11
DA:144,10
DA:145,10
DA:147,8
DA:148,8
DA:150,6
DA:151,6
DA:154,6
DA:155,6
DA:156,6
DA:161,6
DA:165,9
DA:166,2
DA:168,7
DA:169,7
DA:171,6
DA:172,6
DA:173,2
DA:174,1
DA:175,1
DA:178,4
DA:179,4
DA:182,4
DA:183,4
DA:184,4
DA:185,4
DA:189,11
DA:190,2
DA:192,9
DA:193,9
DA:194,8
DA:196,6
DA:197,6
DA:199,5
DA:200,5
DA:201,2
DA:203,3
DA:206,3
DA:207,3
DA:208,3
DA:209,3
DA:213,3
LF:118
LH:118
BRDA:12,0,0,3
BRDA:12,0,1,11
BRDA:12,1,0,14
BRDA:12,1,1,12
BRDA:16,2,0,7
BRDA:16,2,1,4
BRDA:18,3,0,2
BRDA:18,3,1,2
BRDA:22,4,0,2
BRDA:22,4,1,7
BRDA:37,5,0,3
BRDA:37,5,1,11
BRDA:37,6,0,14
BRDA:37,6,1,11
BRDA:40,7,0,3
BRDA:40,7,1,7
BRDA:44,8,0,1
BRDA:44,8,1,6
BRDA:50,9,0,2
BRDA:50,9,1,26
BRDA:50,10,0,28
BRDA:50,10,1,27
BRDA:50,10,2,27
BRDA:50,10,3,26
BRDA:53,11,0,2
BRDA:53,11,1,24
BRDA:57,12,0,1
BRDA:57,12,1,23
BRDA:58,13,0,2
BRDA:58,13,1,21
BRDA:61,14,0,4
BRDA:61,14,1,17
BRDA:62,15,0,2
BRDA:62,15,1,2
BRDA:62,16,0,4
BRDA:62,16,1,4
BRDA:68,17,0,2
BRDA:68,17,1,15
BRDA:81,18,0,2
BRDA:81,18,1,11
BRDA:81,19,0,13
BRDA:81,19,1,12
BRDA:81,19,2,12
BRDA:85,20,0,2
BRDA:85,20,1,9
BRDA:88,21,0,2
BRDA:88,21,1,7
BRDA:89,22,0,1
BRDA:89,22,1,1
BRDA:89,23,0,2
BRDA:89,23,1,2
BRDA:105,24,0,2
BRDA:105,24,1,10
BRDA:105,25,0,12
BRDA:105,25,1,11
BRDA:105,25,2,11
BRDA:105,25,3,11
BRDA:105,25,4,11
BRDA:108,26,0,1
BRDA:108,26,1,9
BRDA:112,27,0,1
BRDA:112,27,1,8
BRDA:113,28,0,1
BRDA:113,28,1,7
BRDA:116,29,0,1
BRDA:116,29,1,6
BRDA:120,30,0,1
BRDA:120,30,1,5
BRDA:138,31,0,2
BRDA:138,31,1,11
BRDA:138,32,0,13
BRDA:138,32,1,12
BRDA:142,33,0,1
BRDA:142,33,1,10
BRDA:145,34,0,2
BRDA:145,34,1,8
BRDA:148,35,0,2
BRDA:148,35,1,6
BRDA:150,36,0,1
BRDA:150,36,1,5
BRDA:165,37,0,2
BRDA:165,37,1,7
BRDA:165,38,0,9
BRDA:165,38,1,8
BRDA:165,38,2,8
BRDA:169,39,0,1
BRDA:169,39,1,6
BRDA:172,40,0,2
BRDA:172,40,1,4
BRDA:173,41,0,1
BRDA:173,41,1,1
BRDA:189,42,0,2
BRDA:189,42,1,9
BRDA:189,43,0,11
BRDA:189,43,1,10
BRDA:189,43,2,10
BRDA:193,44,0,1
BRDA:193,44,1,8
BRDA:194,45,0,2
BRDA:194,45,1,6
BRDA:197,46,0,1
BRDA:197,46,1,5
BRDA:200,47,0,2
BRDA:200,47,1,3
BRF:104
BRH:104
end_of_record
