TN:
SF:index.js
FN:24,resetStore
FN:34,ok
FN:37,dup
FN:45,err
FN:49,balanceFields
FN:62,txnId
FN:68,(anonymous_6)
FN:72,(anonymous_7)
FN:131,(anonymous_8)
FN:132,(anonymous_9)
FN:137,(anonymous_10)
FN:162,logCloudagg
FN:187,(anonymous_12)
FN:189,(anonymous_13)
FN:196,(anonymous_14)
FN:334,(anonymous_15)
FN:403,(anonymous_16)
FN:490,(anonymous_17)
FN:555,(anonymous_18)
FN:560,(anonymous_19)
FN:611,(anonymous_20)
FN:678,(anonymous_21)
FN:713,(anonymous_22)
FNF:23
FNH:22
FNDA:171,resetStore
FNDA:264,ok
FNDA:6,dup
FNDA:118,err
FNDA:54,balanceFields
FNDA:38,txnId
FNDA:2,(anonymous_6)
FNDA:124,(anonymous_7)
FNDA:169,(anonymous_8)
FNDA:1,(anonymous_9)
FNDA:91,(anonymous_10)
FNDA:170,logCloudagg
FNDA:170,(anonymous_12)
FNDA:170,(anonymous_13)
FNDA:87,(anonymous_14)
FNDA:2,(anonymous_15)
FNDA:9,(anonymous_16)
FNDA:1,(anonymous_17)
FNDA:6,(anonymous_18)
FNDA:7,(anonymous_19)
FNDA:2,(anonymous_20)
FNDA:1,(anonymous_21)
FNDA:0,(anonymous_22)
DA:1,1
DA:2,1
DA:3,1
DA:4,1
DA:5,1
DA:7,1
DA:8,1
DA:10,1
DA:13,1
DA:25,171
DA:26,171
DA:27,171
DA:28,171
DA:32,1
DA:35,264
DA:38,6
DA:46,118
DA:50,54
DA:51,54
DA:52,54
DA:53,54
DA:63,38
DA:67,1
DA:68,1
DA:69,2
DA:72,1
DA:73,124
DA:74,124
DA:76,124
DA:77,70
DA:78,69
DA:79,68
DA:90,68
DA:93,54
DA:94,39
DA:95,37
DA:96,36
DA:97,36
DA:100,15
DA:101,3
DA:102,2
DA:103,1
DA:104,1
DA:107,12
DA:108,4
DA:109,3
DA:110,2
DA:111,2
DA:114,8
DA:115,4
DA:116,3
DA:117,2
DA:118,2
DA:121,4
DA:122,3
DA:123,2
DA:124,1
DA:125,1
DA:128,1
DA:131,169
DA:132,1
DA:133,1
DA:134,1
DA:137,1
DA:138,91
DA:152,91
DA:153,91
DA:154,2
DA:157,89
DA:159,89
DA:163,170
DA:164,170
DA:165,170
DA:166,170
DA:167,170
DA:187,1
DA:188,170
DA:189,170
DA:191,170
DA:192,170
DA:193,170
DA:195,170
DA:196,87
DA:200,170
DA:201,17
DA:203,9
DA:206,9
DA:207,6
DA:216,3
DA:226,3
DA:229,8
DA:230,8
DA:231,1
DA:234,7
DA:235,2
DA:236,1
DA:240,6
DA:241,6
DA:242,1
DA:246,5
DA:256,5
DA:260,153
DA:261,18
DA:263,18
DA:265,8
DA:267,8
DA:268,6
DA:277,2
DA:286,2
DA:289,10
DA:290,2
DA:291,8
DA:292,2
DA:293,6
DA:294,6
DA:295,5
DA:299,135
DA:300,35
DA:302,35
DA:304,14
DA:306,14
DA:307,11
DA:316,3
DA:322,3
DA:325,21
DA:326,1
DA:327,20
DA:328,1
DA:329,19
DA:330,19
DA:331,18
DA:332,1
DA:334,17
DA:335,17
DA:336,2
DA:337,2
DA:338,1
DA:345,1
DA:348,15
DA:349,15
DA:350,1
DA:352,14
DA:353,14
DA:354,14
DA:360,14
DA:368,14
DA:372,100
DA:373,21
DA:375,21
DA:377,11
DA:379,11
DA:380,9
DA:389,2
DA:395,2
DA:398,10
DA:399,1
DA:400,9
DA:401,9
DA:403,9
DA:404,8
DA:405,2
DA:406,2
DA:407,1
DA:414,1
DA:417,6
DA:418,6
DA:419,6
DA:420,6
DA:426,6
DA:434,6
DA:438,79
DA:446,22
DA:448,22
DA:450,12
DA:452,12
DA:453,10
DA:462,2
DA:471,2
DA:474,10
DA:481,1
DA:482,9
DA:483,1
DA:484,8
DA:485,8
DA:486,7
DA:487,1
DA:490,6
DA:491,6
DA:492,1
DA:495,5
DA:496,5
DA:497,5
DA:498,1
DA:500,4
DA:501,4
DA:502,4
DA:503,4
DA:512,4
DA:520,4
DA:524,57
DA:525,20
DA:527,20
DA:529,11
DA:531,11
DA:532,9
DA:541,2
DA:547,2
DA:550,9
DA:551,1
DA:552,8
DA:553,8
DA:555,7
DA:556,7
DA:557,1
DA:560,7
DA:561,6
DA:562,1
DA:564,5
DA:565,5
DA:566,5
DA:567,5
DA:568,5
DA:576,5
DA:580,37
DA:581,17
DA:583,17
DA:585,10
DA:587,10
DA:588,8
DA:597,2
DA:603,2
DA:606,7
DA:607,1
DA:608,6
DA:609,6
DA:611,5
DA:612,5
DA:613,2
DA:614,2
DA:615,1
DA:622,1
DA:625,3
DA:626,3
DA:627,3
DA:628,3
DA:634,3
DA:641,3
DA:645,20
DA:646,19
DA:648,19
DA:650,12
DA:652,12
DA:653,10
DA:662,2
DA:668,2
DA:671,7
DA:672,1
DA:673,6
DA:674,6
DA:675,5
DA:676,1
DA:678,4
DA:679,4
DA:680,1
DA:683,3
DA:684,3
DA:685,1
DA:687,2
DA:688,2
DA:689,2
DA:695,2
DA:702,2
DA:705,1
DA:708,1
DA:711,1
DA:712,0
DA:713,0
DA:714,0
LF:278
LH:275
BRDA:50,0,0,54
BRDA:50,0,1,7
BRDA:51,1,0,54
BRDA:51,1,1,14
BRDA:76,2,0,70
BRDA:76,2,1,54
BRDA:77,3,0,1
BRDA:77,3,1,69
BRDA:78,4,0,1
BRDA:78,4,1,68
BRDA:80,5,0,68
BRDA:80,5,1,2
BRDA:81,6,0,68
BRDA:81,6,1,7
BRDA:82,7,0,68
BRDA:82,7,1,1
BRDA:83,8,0,68
BRDA:83,8,1,1
BRDA:84,9,0,68
BRDA:84,9,1,68
BRDA:85,10,0,68
BRDA:85,10,1,68
BRDA:86,11,0,68
BRDA:86,11,1,1
BRDA:87,12,0,68
BRDA:87,12,1,1
BRDA:93,13,0,39
BRDA:93,13,1,15
BRDA:94,14,0,2
BRDA:94,14,1,37
BRDA:94,15,0,39
BRDA:94,15,1,38
BRDA:95,16,0,1
BRDA:95,16,1,36
BRDA:100,17,0,3
BRDA:100,17,1,12
BRDA:101,18,0,1
BRDA:101,18,1,2
BRDA:101,19,0,3
BRDA:101,19,1,3
BRDA:102,20,0,1
BRDA:102,20,1,1
BRDA:107,21,0,4
BRDA:107,21,1,8
BRDA:108,22,0,1
BRDA:108,22,1,3
BRDA:108,23,0,4
BRDA:108,23,1,3
BRDA:109,24,0,1
BRDA:109,24,1,2
BRDA:114,25,0,4
BRDA:114,25,1,4
BRDA:115,26,0,1
BRDA:115,26,1,3
BRDA:116,27,0,1
BRDA:116,27,1,2
BRDA:121,28,0,3
BRDA:121,28,1,1
BRDA:122,29,0,1
BRDA:122,29,1,2
BRDA:122,30,0,3
BRDA:122,30,1,3
BRDA:123,31,0,1
BRDA:123,31,1,1
BRDA:128,32,0,1
BRDA:128,32,1,0
BRDA:153,33,0,2
BRDA:153,33,1,89
BRDA:153,34,0,91
BRDA:153,34,1,90
BRDA:166,35,0,102
BRDA:166,35,1,68
BRDA:166,36,0,6
BRDA:166,36,1,62
BRDA:168,37,0,170
BRDA:168,37,1,0
BRDA:168,38,0,170
BRDA:168,38,1,3
BRDA:168,39,0,170
BRDA:168,39,1,75
BRDA:168,40,0,170
BRDA:168,40,1,38
BRDA:168,41,0,170
BRDA:168,41,1,95
BRDA:169,42,0,57
BRDA:169,42,1,113
BRDA:170,43,0,41
BRDA:170,43,1,129
BRDA:171,44,0,16
BRDA:171,44,1,154
BRDA:172,45,0,1
BRDA:172,45,1,169
BRDA:173,46,0,18
BRDA:173,46,1,152
BRDA:175,47,0,102
BRDA:175,47,1,68
BRDA:176,48,0,60
BRDA:176,48,1,110
BRDA:177,49,0,68
BRDA:177,49,1,102
BRDA:178,50,0,68
BRDA:178,50,1,102
BRDA:179,51,0,24
BRDA:179,51,1,146
BRDA:180,52,0,15
BRDA:180,52,1,155
BRDA:181,53,0,7
BRDA:181,53,1,163
BRDA:182,54,0,4
BRDA:182,54,1,166
BRDA:183,55,0,4
BRDA:183,55,1,166
BRDA:192,56,0,170
BRDA:192,56,1,0
BRDA:200,57,0,17
BRDA:200,57,1,153
BRDA:201,58,0,9
BRDA:201,58,1,8
BRDA:201,59,0,17
BRDA:201,59,1,17
BRDA:206,60,0,6
BRDA:206,60,1,3
BRDA:210,61,0,6
BRDA:210,61,1,1
BRDA:218,62,0,3
BRDA:218,62,1,2
BRDA:219,63,0,3
BRDA:219,63,1,3
BRDA:220,64,0,3
BRDA:220,64,1,1
BRDA:221,65,0,3
BRDA:221,65,1,1
BRDA:230,66,0,1
BRDA:230,66,1,7
BRDA:230,67,0,8
BRDA:230,67,1,7
BRDA:234,68,0,5
BRDA:234,68,1,2
BRDA:235,69,0,1
BRDA:235,69,1,1
BRDA:241,70,0,1
BRDA:241,70,1,5
BRDA:260,71,0,18
BRDA:260,71,1,135
BRDA:263,72,0,8
BRDA:263,72,1,10
BRDA:263,73,0,18
BRDA:263,73,1,18
BRDA:267,74,0,6
BRDA:267,74,1,2
BRDA:271,75,0,6
BRDA:271,75,1,1
BRDA:279,76,0,2
BRDA:279,76,1,2
BRDA:280,77,0,2
BRDA:280,77,1,0
BRDA:281,78,0,2
BRDA:281,78,1,0
BRDA:289,79,0,2
BRDA:289,79,1,8
BRDA:289,80,0,10
BRDA:289,80,1,8
BRDA:291,81,0,2
BRDA:291,81,1,6
BRDA:294,82,0,1
BRDA:294,82,1,5
BRDA:299,83,0,35
BRDA:299,83,1,100
BRDA:302,84,0,14
BRDA:302,84,1,21
BRDA:302,85,0,35
BRDA:302,85,1,35
BRDA:306,86,0,11
BRDA:306,86,1,3
BRDA:310,87,0,11
BRDA:310,87,1,1
BRDA:318,88,0,3
BRDA:318,88,1,0
BRDA:319,89,0,3
BRDA:319,89,1,0
BRDA:325,90,0,1
BRDA:325,90,1,20
BRDA:325,91,0,21
BRDA:325,91,1,21
BRDA:325,91,2,21
BRDA:325,91,3,20
BRDA:327,92,0,1
BRDA:327,92,1,19
BRDA:330,93,0,1
BRDA:330,93,1,18
BRDA:331,94,0,1
BRDA:331,94,1,17
BRDA:335,95,0,2
BRDA:335,95,1,15
BRDA:337,96,0,1
BRDA:337,96,1,1
BRDA:337,97,0,2
BRDA:337,97,1,2
BRDA:349,98,0,1
BRDA:349,98,1,14
BRDA:372,99,0,21
BRDA:372,99,1,79
BRDA:375,100,0,11
BRDA:375,100,1,10
BRDA:375,101,0,21
BRDA:375,101,1,21
BRDA:379,102,0,9
BRDA:379,102,1,2
BRDA:383,103,0,9
BRDA:383,103,1,1
BRDA:391,104,0,2
BRDA:391,104,1,0
BRDA:392,105,0,2
BRDA:392,105,1,0
BRDA:398,106,0,1
BRDA:398,106,1,9
BRDA:398,107,0,10
BRDA:398,107,1,10
BRDA:398,107,2,10
BRDA:401,108,0,1
BRDA:401,108,1,8
BRDA:404,109,0,2
BRDA:404,109,1,6
BRDA:406,110,0,1
BRDA:406,110,1,1
BRDA:406,111,0,2
BRDA:406,111,1,2
BRDA:438,112,0,22
BRDA:438,112,1,57
BRDA:448,113,0,12
BRDA:448,113,1,10
BRDA:448,114,0,22
BRDA:448,114,1,22
BRDA:452,115,0,10
BRDA:452,115,1,2
BRDA:456,116,0,10
BRDA:456,116,1,1
BRDA:465,117,0,2
BRDA:465,117,1,0
BRDA:466,118,0,2
BRDA:466,118,1,0
BRDA:467,119,0,2
BRDA:467,119,1,0
BRDA:468,120,0,2
BRDA:468,120,1,0
BRDA:474,121,0,1
BRDA:474,121,1,9
BRDA:475,122,0,10
BRDA:475,122,1,10
BRDA:475,122,2,10
BRDA:475,122,3,10
BRDA:475,122,4,10
BRDA:482,123,0,1
BRDA:482,123,1,8
BRDA:485,124,0,1
BRDA:485,124,1,7
BRDA:486,125,0,1
BRDA:486,125,1,6
BRDA:491,126,0,1
BRDA:491,126,1,5
BRDA:497,127,0,1
BRDA:497,127,1,4
BRDA:524,128,0,20
BRDA:524,128,1,37
BRDA:527,129,0,11
BRDA:527,129,1,9
BRDA:527,130,0,20
BRDA:527,130,1,20
BRDA:531,131,0,9
BRDA:531,131,1,2
BRDA:535,132,0,9
BRDA:535,132,1,1
BRDA:543,133,0,2
BRDA:543,133,1,0
BRDA:544,134,0,2
BRDA:544,134,1,0
BRDA:550,135,0,1
BRDA:550,135,1,8
BRDA:550,136,0,9
BRDA:550,136,1,9
BRDA:553,137,0,1
BRDA:553,137,1,7
BRDA:555,138,0,6
BRDA:555,138,1,6
BRDA:556,139,0,1
BRDA:556,139,1,6
BRDA:560,140,0,7
BRDA:560,140,1,1
BRDA:561,141,0,1
BRDA:561,141,1,5
BRDA:564,142,0,1
BRDA:564,142,1,4
BRDA:580,143,0,17
BRDA:580,143,1,20
BRDA:583,144,0,10
BRDA:583,144,1,7
BRDA:583,145,0,17
BRDA:583,145,1,17
BRDA:587,146,0,8
BRDA:587,146,1,2
BRDA:591,147,0,8
BRDA:591,147,1,1
BRDA:599,148,0,2
BRDA:599,148,1,0
BRDA:600,149,0,2
BRDA:600,149,1,0
BRDA:606,150,0,1
BRDA:606,150,1,6
BRDA:606,151,0,7
BRDA:606,151,1,7
BRDA:606,151,2,7
BRDA:609,152,0,1
BRDA:609,152,1,5
BRDA:612,153,0,2
BRDA:612,153,1,3
BRDA:614,154,0,1
BRDA:614,154,1,1
BRDA:645,155,0,19
BRDA:645,155,1,1
BRDA:648,156,0,12
BRDA:648,156,1,7
BRDA:648,157,0,19
BRDA:648,157,1,19
BRDA:652,158,0,10
BRDA:652,158,1,2
BRDA:656,159,0,10
BRDA:656,159,1,1
BRDA:664,160,0,2
BRDA:664,160,1,0
BRDA:665,161,0,2
BRDA:665,161,1,0
BRDA:671,162,0,1
BRDA:671,162,1,6
BRDA:671,163,0,7
BRDA:671,163,1,7
BRDA:671,163,2,7
BRDA:674,164,0,1
BRDA:674,164,1,5
BRDA:675,165,0,1
BRDA:675,165,1,4
BRDA:679,166,0,1
BRDA:679,166,1,3
BRDA:684,167,0,1
BRDA:684,167,1,2
BRDA:711,168,0,0
BRDA:711,168,1,1
BRDA:712,169,0,0
BRDA:712,169,1,0
BRF:348
BRH:326
end_of_record
